<?xml version="1.0" encoding="UTF-8"?>
<testng-results skipped="0" failed="0" ignored="0" total="1" passed="1">
  <reporter-output>
  </reporter-output>
  <suite name="Suite" duration-ms="49" started-at="2018-12-19T16:04:14Z" finished-at="2018-12-19T16:04:14Z">
    <groups>
    </groups>
    <test name="FirstTest" duration-ms="49" started-at="2018-12-19T16:04:14Z" finished-at="2018-12-19T16:04:14Z">
      <class name="MavenProject01.com.MavenProject01.Tests.TEST01">
        <test-method status="PASS" signature="setUp(java.lang.String, java.lang.String, java.lang.String, java.lang.String)[pri:0, instance:MavenProject01.com.MavenProject01.Tests.TEST01@724af044]" name="setUp" is-config="true" duration-ms="17" started-at="2018-12-19T16:04:14Z" finished-at="2018-12-19T16:04:14Z">
          <params>
            <param index="0">
              <value>
                <![CDATA[Alex]]>
              </value>
            </param>
            <param index="1">
              <value>
                <![CDATA[chrome]]>
              </value>
            </param>
            <param index="2">
              <value>
                <![CDATA[20.0]]>
              </value>
            </param>
            <param index="3">
              <value>
                <![CDATA[WINDOWS]]>
              </value>
            </param>
          </params>
          <reporter-output>
          </reporter-output>
        </test-method> <!-- setUp -->
        <test-method status="PASS" signature="tc_TEST()[pri:0, instance:MavenProject01.com.MavenProject01.Tests.TEST01@724af044]" name="tc_TEST" duration-ms="5" started-at="2018-12-19T16:04:14Z" finished-at="2018-12-19T16:04:14Z">
          <reporter-output>
          </reporter-output>
        </test-method> <!-- tc_TEST -->
      </class> <!-- MavenProject01.com.MavenProject01.Tests.TEST01 -->
    </test> <!-- FirstTest -->
  </suite> <!-- Suite -->
</testng-results>
