<?xml version="1.0" encoding="UTF-8"?>
<testng-results skipped="0" failed="0" ignored="0" total="1" passed="1">
  <reporter-output>
  </reporter-output>
  <suite name="Suite" duration-ms="26752" started-at="2018-12-21T17:44:01Z" finished-at="2018-12-21T17:44:28Z">
    <groups>
      <group name="cucumber">
        <method signature="AbstractTestNGCucumberTests.feature(cucumber.api.testng.CucumberFeatureWrapper)[pri:0, instance:CucumberPjt01.com.CucumberPjt01.TestRunner@4dfa3a9d]" name="feature" class="cucumber.api.testng.AbstractTestNGCucumberTests"/>
      </group> <!-- cucumber -->
    </groups>
    <test name="Test" duration-ms="26752" started-at="2018-12-21T17:44:01Z" finished-at="2018-12-21T17:44:28Z">
      <class name="CucumberPjt01.com.CucumberPjt01.TestRunner">
        <test-method status="PASS" signature="setUpClass()[pri:0, instance:CucumberPjt01.com.CucumberPjt01.TestRunner@4dfa3a9d]" name="setUpClass" is-config="true" duration-ms="279" started-at="2018-12-21T17:44:01Z" finished-at="2018-12-21T17:44:01Z">
          <reporter-output>
          </reporter-output>
        </test-method> <!-- setUpClass -->
        <test-method status="PASS" signature="feature(cucumber.api.testng.CucumberFeatureWrapper)[pri:0, instance:CucumberPjt01.com.CucumberPjt01.TestRunner@4dfa3a9d]" name="feature" duration-ms="26327" started-at="2018-12-21T17:44:02Z" description="Runs Cucumber Feature" data-provider="features" finished-at="2018-12-21T17:44:28Z">
          <params>
            <param index="0">
              <value>
                <![CDATA[DDT Testing of the Login Functionality of the application with Invalid credentials]]>
              </value>
            </param>
          </params>
          <reporter-output>
          </reporter-output>
        </test-method> <!-- feature -->
        <test-method status="PASS" signature="tearDownClass()[pri:0, instance:CucumberPjt01.com.CucumberPjt01.TestRunner@4dfa3a9d]" name="tearDownClass" is-config="true" duration-ms="10" started-at="2018-12-21T17:44:28Z" finished-at="2018-12-21T17:44:28Z">
          <reporter-output>
          </reporter-output>
        </test-method> <!-- tearDownClass -->
      </class> <!-- CucumberPjt01.com.CucumberPjt01.TestRunner -->
    </test> <!-- Test -->
  </suite> <!-- Suite -->
</testng-results>
